<?xml version="1.0" encoding="UTF-8"?>
<!-- Generated by org.testng.reporters.JUnitXMLReporter -->
<testsuite hostname="hp" ignored="0" name="Ecom Optimus Chrome Tests" tests="4" failures="0" timestamp="24 May 2020 20:29:13 GMT" time="193.615" errors="0">
  <testcase name="searchProductAndAddToCart" time="37.414" classname="com.myshopify.ecom_optimus.tests.SearchAndAddToCart"/>
  <testcase name="increaseProductQuantityAndValidatePrice" time="35.109" classname="com.myshopify.ecom_optimus.tests.SearchAndAddToCart"/>
  <testcase name="addProductFromFeaturedCollection" time="22.003" classname="com.myshopify.ecom_optimus.tests.SearchAndAddToCart"/>
  <testcase name="addProductsWithMultipleSizes" time="40.219" classname="com.myshopify.ecom_optimus.tests.SearchAndAddToCart"/>
</testsuite> <!-- Ecom Optimus Chrome Tests -->
