<?xml version="1.0" encoding="UTF-8"?>
<!-- Generated by org.testng.reporters.JUnitXMLReporter -->
<testsuite hostname="hp" ignored="0" name="Ecom Optimus Tests" tests="4" failures="0" timestamp="23 May 2020 06:17:29 GMT" time="146.533" errors="0">
  <testcase name="searchAndAddToCart" time="14.982" classname="com.myshopify.ecom_optimus.tests.SearchAndAddToCart"/>
  <testcase name="increaseProductQuantityAndValidatePrice" time="23.328" classname="com.myshopify.ecom_optimus.tests.SearchAndAddToCart"/>
  <testcase name="addProductFromFeaturedCollection" time="12.44" classname="com.myshopify.ecom_optimus.tests.SearchAndAddToCart"/>
  <testcase name="addProductsWithMultipleSizes" time="18.007" classname="com.myshopify.ecom_optimus.tests.SearchAndAddToCart"/>
</testsuite> <!-- Ecom Optimus Tests -->
