<?xml version="1.0" encoding="UTF-8"?>
<!-- Generated by org.testng.reporters.JUnitXMLReporter -->
<testsuite hostname="hp" ignored="4" tests="0" failures="0" timestamp="24 May 2020 19:14:33 GMT" time="0.002" errors="0">
  <testcase name="addProductsWithMultipleSizes" time="0.0" classname="com.myshopify.ecom_optimus.tests.SearchAndAddToCart">
    <ignored/>
  </testcase> <!-- addProductsWithMultipleSizes -->
  <testcase name="increaseProductQuantityAndValidatePrice" time="0.0" classname="com.myshopify.ecom_optimus.tests.SearchAndAddToCart">
    <ignored/>
  </testcase> <!-- increaseProductQuantityAndValidatePrice -->
  <testcase name="addProductFromFeaturedCollection" time="0.0" classname="com.myshopify.ecom_optimus.tests.SearchAndAddToCart">
    <ignored/>
  </testcase> <!-- addProductFromFeaturedCollection -->
  <testcase name="searchProductAndAddToCart" time="0.0" classname="com.myshopify.ecom_optimus.tests.SearchAndAddToCart">
    <ignored/>
  </testcase> <!-- searchProductAndAddToCart -->
</testsuite>
